
ROM used:   1689/8192 (21%)
            1689/8192 (21%) including unused fragments

            1.0 Average locations per line
            3.7 Average locations per statement

RAM used:   67/368 (18%) at main() level
            83/368 (23%) worst case

Stack used: 6 worst case (6 in main + 0 for interrupts)
Stack size: 8

Lines Stmts  %   Files
----- ----- ---  -----
  457   307  68  DoAn1ChinhDoi.c
  671     0   0  C:\Program Files (x86)\PICC\Devices\16f877a.h
  423   125  28  C:\Program Files (x86)\PICC\Drivers\string.h
   32     0   0  C:\Program Files (x86)\PICC\Drivers\stddef.h
   28     0   0  C:\Program Files (x86)\PICC\Drivers\ctype.h
   59    20   4  LCD.c
----- -----
 1670   452 Total

Page ROM  %  RAM   Vol Diff  Functions:
---- --- --- ---   --- ----  ----------
0     68   4    5   231  6.6  strcmp
0     20   1    1             @delay_ms1
0     24   1    2   110  1.7  lcd_out
0      9   1    1    47  1.2  lcd_command
0      7   0    0    32  1.0  lcd_clear
0      9   1    1    47  1.2  lcd_data
0     18   1    7   140  3.7  lcd_goto_xy
0     28   2    0   149  1.3  lcd_setup
0    110   7    5   737  8.6  KEY_NHAN
 Inline         2             @MUL88
0     81   5    6   292  5.5  writeEEPROM
0     40   2    7   314  7.5  readEEPROM
 Inline         1    74  1.5  manHinhThongBaoSai
0     10   1    0             @const764
0     86   5    4             @PSTRINGC7_721
0      9   1    5    63  3.0  inputData
0     18   1    3   104  2.6  DisplayInputTK
0     19   1    3   104  2.6  DisplayInputMK
0     45   3    0   216  1.8  mHAdmin
0      9   1    0             @const777
0      8   0    0             @const778
0      9   1    0             @const779
0      4   0    0             @const780
0     35   2    0   158  1.7  mHUser
0      8   0    0             @const782
0      4   0    0             @const783
0      3   0    0             @const784
0     20   1    3   187  3.6  resetTKMK
 Inline        10   374  5.6  checkMK
0     54   3   12   379  6.3  checkTK
0     49   3    0   253  1.8  manHinhDangNhap
0      2   0    0             @const793
0      2   0    0             @const794
0      9   1    0             @const795
0     10   1    0             @const796
0     23   1    0    52  1.4  xulyDangNhapSai
0     59   3    1    84  2.3  kiemTraTKMK
0     41   2    0   236  2.2  manHinhThemUser
0      2   0    0             @const800
0      2   0    0             @const801
0      7   0    0             @const802
0     44   3    0   260  2.2  manHinhXoaTaiKhoan
0      2   0    0             @const804
0     11   1    0             @const805
0     10   1    0             @const806
0     26   2    0   127  2.0  manHinhDoiMatKhau
0      8   0    0             @const808
0      2   0    0             @const809
0     21   1    1    96  1.9  thongBaoDoiMKTC
0     10   1    0             @const811
0    541  32   14  6130  8.5  MAIN
0      9   1    0             @const819
0     11   1    0             @const820
0      8   0    0             @const821
0      2   0    0             @const822
0     10   1    0             @const823
0      9   1    0             @const824
 Inline         0             @cinit1

Program metrics:
    Functions               27
    Statements              452
    Comments                308
    Volume (V)              17245
    Difficulty (D)          87.9
    Effort to implement (E) 1516483
    Time to implement (T)   23 hours, 24 minutes
    Est Delivered Bugs (B)  4
    Cyclomatic Complexity   52
    Maintainability (MI)    48

 Segment     Used  Free
-----------  ----  ----
00000-00003     4  0  
00004-007FF  1685  359  
00800-00FFF     0  2048  
01000-017FF     0  2048  
01800-01FFF     0  2048  



